[2023-07-03T08:27:42.973+0800][0.004s] CardTable entry size: 512
[2023-07-03T08:27:42.973+0800][0.004s] Using G1
[2023-07-03T08:27:43.005+0800][0.036s] Version: 20.0.1+9-29 (release)
[2023-07-03T08:27:43.006+0800][0.036s] CPUs: 10 total, 10 available
[2023-07-03T08:27:43.006+0800][0.036s] Memory: 16384M
[2023-07-03T08:27:43.006+0800][0.036s] Large Page Support: Disabled
[2023-07-03T08:27:43.006+0800][0.036s] NUMA Support: Disabled
[2023-07-03T08:27:43.006+0800][0.036s] Compressed Oops: Enabled (Zero based)
[2023-07-03T08:27:43.006+0800][0.036s] Heap Region Size: 1M
[2023-07-03T08:27:43.006+0800][0.036s] Heap Min Capacity: 512M
[2023-07-03T08:27:43.006+0800][0.036s] Heap Initial Capacity: 512M
[2023-07-03T08:27:43.006+0800][0.036s] Heap Max Capacity: 512M
[2023-07-03T08:27:43.006+0800][0.036s] Pre-touch: Enabled
[2023-07-03T08:27:43.006+0800][0.036s] Parallel Workers: 9
[2023-07-03T08:27:43.006+0800][0.036s] Concurrent Workers: 2
[2023-07-03T08:27:43.006+0800][0.036s] Concurrent Refinement Workers: 9
[2023-07-03T08:27:43.006+0800][0.036s] Periodic GC: Disabled
[2023-07-03T08:27:43.006+0800][0.036s] CDS archive(s) mapped at: [0x0000000800000000-0x0000000800c6c000-0x0000000800c6c000), size 13025280, SharedBaseAddress: 0x0000000800000000, ArchiveRelocationMode: 0.
[2023-07-03T08:27:43.006+0800][0.036s] Compressed class space mapped at: 0x0000000801000000-0x0000000841000000, reserved size: 1073741824
[2023-07-03T08:27:43.006+0800][0.036s] Narrow klass base: 0x0000000800000000, Narrow klass shift: 0, Narrow klass range: 0x100000000
[2023-07-03T08:27:43.292+0800][0.322s] GC(0) Pause Young (Normal) (G1 Evacuation Pause)
[2023-07-03T08:27:43.292+0800][0.322s] GC(0) Using 9 workers of 9 for evacuation
[2023-07-03T08:27:43.294+0800][0.324s] GC(0)   Pre Evacuate Collection Set: 0.1ms
[2023-07-03T08:27:43.294+0800][0.324s] GC(0)   Merge Heap Roots: 0.0ms
[2023-07-03T08:27:43.294+0800][0.324s] GC(0)   Evacuate Collection Set: 1.4ms
[2023-07-03T08:27:43.294+0800][0.324s] GC(0)   Post Evacuate Collection Set: 0.2ms
[2023-07-03T08:27:43.294+0800][0.324s] GC(0)   Other: 0.2ms
[2023-07-03T08:27:43.294+0800][0.324s] GC(0) Eden regions: 29->0(60)
[2023-07-03T08:27:43.294+0800][0.324s] GC(0) Survivor regions: 0->4(4)
[2023-07-03T08:27:43.294+0800][0.324s] GC(0) Old regions: 0->2
[2023-07-03T08:27:43.294+0800][0.324s] GC(0) Archive regions: 2->2
[2023-07-03T08:27:43.294+0800][0.324s] GC(0) Humongous regions: 4->4
[2023-07-03T08:27:43.294+0800][0.324s] GC(0) Metaspace: 10141K(10368K)->10141K(10368K) NonClass: 8954K(9088K)->8954K(9088K) Class: 1187K(1280K)->1187K(1280K)
[2023-07-03T08:27:43.294+0800][0.324s] GC(0) Pause Young (Normal) (G1 Evacuation Pause) 33M->10M(512M) 2.031ms
[2023-07-03T08:27:43.294+0800][0.324s] GC(0) User=0.00s Sys=0.00s Real=0.00s
[2023-07-03T08:27:43.608+0800][0.639s] GC(1) Pause Young (Normal) (G1 Evacuation Pause)
[2023-07-03T08:27:43.608+0800][0.639s] GC(1) Using 9 workers of 9 for evacuation
[2023-07-03T08:27:43.612+0800][0.642s] GC(1)   Pre Evacuate Collection Set: 0.1ms
[2023-07-03T08:27:43.612+0800][0.642s] GC(1)   Merge Heap Roots: 0.0ms
[2023-07-03T08:27:43.612+0800][0.642s] GC(1)   Evacuate Collection Set: 3.3ms
[2023-07-03T08:27:43.612+0800][0.642s] GC(1)   Post Evacuate Collection Set: 0.4ms
[2023-07-03T08:27:43.612+0800][0.642s] GC(1)   Other: 0.0ms
[2023-07-03T08:27:43.612+0800][0.642s] GC(1) Eden regions: 60->0(66)
[2023-07-03T08:27:43.612+0800][0.642s] GC(1) Survivor regions: 4->8(8)
[2023-07-03T08:27:43.612+0800][0.642s] GC(1) Old regions: 2->12
[2023-07-03T08:27:43.612+0800][0.643s] GC(1) Archive regions: 2->2
[2023-07-03T08:27:43.612+0800][0.643s] GC(1) Humongous regions: 4->4
[2023-07-03T08:27:43.612+0800][0.643s] GC(1) Metaspace: 19016K(19392K)->19016K(19392K) NonClass: 16826K(17024K)->16826K(17024K) Class: 2189K(2368K)->2189K(2368K)
[2023-07-03T08:27:43.612+0800][0.643s] GC(1) Pause Young (Normal) (G1 Evacuation Pause) 70M->24M(512M) 3.992ms
[2023-07-03T08:27:43.612+0800][0.643s] GC(1) User=0.03s Sys=0.00s Real=0.01s
[2023-07-03T08:27:43.659+0800][0.689s] GC(2) Pause Young (Concurrent Start) (Metadata GC Threshold)
[2023-07-03T08:27:43.659+0800][0.689s] GC(2) Using 9 workers of 9 for evacuation
[2023-07-03T08:27:43.661+0800][0.691s] GC(2)   Pre Evacuate Collection Set: 0.1ms
[2023-07-03T08:27:43.661+0800][0.691s] GC(2)   Merge Heap Roots: 0.0ms
[2023-07-03T08:27:43.661+0800][0.691s] GC(2)   Evacuate Collection Set: 1.2ms
[2023-07-03T08:27:43.661+0800][0.691s] GC(2)   Post Evacuate Collection Set: 0.3ms
[2023-07-03T08:27:43.661+0800][0.691s] GC(2)   Other: 0.0ms
[2023-07-03T08:27:43.661+0800][0.691s] GC(2) Eden regions: 16->0(91)
[2023-07-03T08:27:43.661+0800][0.691s] GC(2) Survivor regions: 8->1(9)
[2023-07-03T08:27:43.661+0800][0.691s] GC(2) Old regions: 12->21
[2023-07-03T08:27:43.661+0800][0.691s] GC(2) Archive regions: 2->2
[2023-07-03T08:27:43.661+0800][0.691s] GC(2) Humongous regions: 4->4
[2023-07-03T08:27:43.661+0800][0.691s] GC(2) Metaspace: 21081K(21504K)->21081K(21504K) NonClass: 18720K(18944K)->18720K(18944K) Class: 2360K(2560K)->2360K(2560K)
[2023-07-03T08:27:43.661+0800][0.691s] GC(2) Pause Young (Concurrent Start) (Metadata GC Threshold) 40M->26M(512M) 1.748ms
[2023-07-03T08:27:43.661+0800][0.691s] GC(3) Concurrent Mark Cycle
[2023-07-03T08:27:43.661+0800][0.691s] GC(2) User=0.01s Sys=0.00s Real=0.01s
[2023-07-03T08:27:43.661+0800][0.691s] GC(3) Concurrent Scan Root Regions
[2023-07-03T08:27:43.661+0800][0.691s] GC(3) Concurrent Scan Root Regions 0.583ms
[2023-07-03T08:27:43.661+0800][0.691s] GC(3) Concurrent Mark
[2023-07-03T08:27:43.661+0800][0.691s] GC(3) Concurrent Mark From Roots
[2023-07-03T08:27:43.661+0800][0.691s] GC(3) Using 2 workers of 2 for marking
[2023-07-03T08:27:43.665+0800][0.696s] GC(3) Concurrent Mark From Roots 4.079ms
[2023-07-03T08:27:43.665+0800][0.696s] GC(3) Concurrent Preclean
[2023-07-03T08:27:43.665+0800][0.696s] GC(3) Concurrent Preclean 0.008ms
[2023-07-03T08:27:43.665+0800][0.696s] GC(3) Pause Remark
[2023-07-03T08:27:43.666+0800][0.696s] GC(3) Pause Remark 28M->28M(512M) 0.837ms
[2023-07-03T08:27:43.666+0800][0.696s] GC(3) User=0.00s Sys=0.00s Real=0.00s
[2023-07-03T08:27:43.666+0800][0.696s] GC(3) Concurrent Mark 5.015ms
[2023-07-03T08:27:43.666+0800][0.696s] GC(3) Concurrent Rebuild Remembered Sets and Scrub Regions
[2023-07-03T08:27:43.669+0800][0.699s] GC(3) Concurrent Rebuild Remembered Sets and Scrub Regions 2.607ms
[2023-07-03T08:27:43.669+0800][0.699s] GC(3) Pause Cleanup
[2023-07-03T08:27:43.669+0800][0.699s] GC(3) Pause Cleanup 28M->28M(512M) 0.070ms
[2023-07-03T08:27:43.669+0800][0.699s] GC(3) User=0.00s Sys=0.00s Real=0.00s
[2023-07-03T08:27:43.669+0800][0.699s] GC(3) Concurrent Clear Claimed Marks
[2023-07-03T08:27:43.669+0800][0.699s] GC(3) Concurrent Clear Claimed Marks 0.018ms
[2023-07-03T08:27:43.669+0800][0.699s] GC(3) Concurrent Cleanup for Next Mark
[2023-07-03T08:27:43.669+0800][0.700s] GC(3) Concurrent Cleanup for Next Mark 0.260ms
[2023-07-03T08:27:43.669+0800][0.700s] GC(3) Concurrent Mark Cycle 8.713ms
[2023-07-03T08:28:15.280+0800][32.310s] GC(4) Pause Young (Prepare Mixed) (G1 Evacuation Pause)
[2023-07-03T08:28:15.280+0800][32.310s] GC(4) Using 9 workers of 9 for evacuation
[2023-07-03T08:28:15.282+0800][32.312s] GC(4)   Pre Evacuate Collection Set: 0.1ms
[2023-07-03T08:28:15.282+0800][32.313s] GC(4)   Merge Heap Roots: 0.0ms
[2023-07-03T08:28:15.282+0800][32.313s] GC(4)   Evacuate Collection Set: 1.9ms
[2023-07-03T08:28:15.282+0800][32.313s] GC(4)   Post Evacuate Collection Set: 0.2ms
[2023-07-03T08:28:15.282+0800][32.313s] GC(4)   Other: 0.0ms
[2023-07-03T08:28:15.282+0800][32.313s] GC(4) Eden regions: 93->0(299)
[2023-07-03T08:28:15.282+0800][32.313s] GC(4) Survivor regions: 1->8(12)
[2023-07-03T08:28:15.282+0800][32.313s] GC(4) Old regions: 21->21
[2023-07-03T08:28:15.282+0800][32.313s] GC(4) Archive regions: 2->2
[2023-07-03T08:28:15.282+0800][32.313s] GC(4) Humongous regions: 4->4
[2023-07-03T08:28:15.282+0800][32.313s] GC(4) Metaspace: 35706K(36096K)->35706K(36096K) NonClass: 31756K(32000K)->31756K(32000K) Class: 3950K(4096K)->3950K(4096K)
[2023-07-03T08:28:15.282+0800][32.313s] GC(4) Pause Young (Prepare Mixed) (G1 Evacuation Pause) 119M->33M(512M) 2.465ms
[2023-07-03T08:28:15.282+0800][32.313s] GC(4) User=0.01s Sys=0.00s Real=0.00s
[2023-07-03T08:28:15.323+0800][32.353s] GC(5) Pause Young (Mixed) (Metadata GC Threshold)
[2023-07-03T08:28:15.323+0800][32.353s] GC(5) Using 9 workers of 9 for evacuation
[2023-07-03T08:28:15.325+0800][32.356s] GC(5)   Pre Evacuate Collection Set: 0.1ms
[2023-07-03T08:28:15.325+0800][32.356s] GC(5)   Merge Heap Roots: 0.0ms
[2023-07-03T08:28:15.325+0800][32.356s] GC(5)   Evacuate Collection Set: 2.0ms
[2023-07-03T08:28:15.325+0800][32.356s] GC(5)   Post Evacuate Collection Set: 0.3ms
[2023-07-03T08:28:15.325+0800][32.356s] GC(5)   Other: 0.0ms
[2023-07-03T08:28:15.325+0800][32.356s] GC(5) Eden regions: 15->0(295)
[2023-07-03T08:28:15.325+0800][32.356s] GC(5) Survivor regions: 8->12(39)
[2023-07-03T08:28:15.325+0800][32.356s] GC(5) Old regions: 21->20
[2023-07-03T08:28:15.325+0800][32.356s] GC(5) Archive regions: 2->2
[2023-07-03T08:28:15.325+0800][32.356s] GC(5) Humongous regions: 4->4
[2023-07-03T08:28:15.325+0800][32.356s] GC(5) Metaspace: 36052K(36480K)->36052K(36480K) NonClass: 32072K(32256K)->32072K(32256K) Class: 3979K(4224K)->3979K(4224K)
[2023-07-03T08:28:15.325+0800][32.356s] GC(5) Pause Young (Mixed) (Metadata GC Threshold) 47M->36M(512M) 2.614ms
[2023-07-03T08:28:15.325+0800][32.356s] GC(5) User=0.02s Sys=0.00s Real=0.00s
[2023-07-03T08:28:15.337+0800][32.368s] GC(6) Pause Young (Concurrent Start) (Metadata GC Threshold)
[2023-07-03T08:28:15.337+0800][32.368s] GC(6) Using 9 workers of 9 for evacuation
[2023-07-03T08:28:15.339+0800][32.370s] GC(6)   Pre Evacuate Collection Set: 0.1ms
[2023-07-03T08:28:15.339+0800][32.370s] GC(6)   Merge Heap Roots: 0.0ms
[2023-07-03T08:28:15.339+0800][32.370s] GC(6)   Evacuate Collection Set: 1.6ms
[2023-07-03T08:28:15.339+0800][32.370s] GC(6)   Post Evacuate Collection Set: 0.3ms
[2023-07-03T08:28:15.339+0800][32.370s] GC(6)   Other: 0.0ms
[2023-07-03T08:28:15.340+0800][32.370s] GC(6) Eden regions: 4->0(294)
[2023-07-03T08:28:15.340+0800][32.370s] GC(6) Survivor regions: 12->13(39)
[2023-07-03T08:28:15.340+0800][32.370s] GC(6) Old regions: 20->20
[2023-07-03T08:28:15.340+0800][32.370s] GC(6) Archive regions: 2->2
[2023-07-03T08:28:15.340+0800][32.370s] GC(6) Humongous regions: 4->4
[2023-07-03T08:28:15.340+0800][32.370s] GC(6) Metaspace: 36417K(36800K)->36417K(36800K) NonClass: 32403K(32576K)->32403K(32576K) Class: 4013K(4224K)->4013K(4224K)
[2023-07-03T08:28:15.340+0800][32.370s] GC(6) Pause Young (Concurrent Start) (Metadata GC Threshold) 39M->37M(512M) 2.140ms
[2023-07-03T08:28:15.340+0800][32.370s] GC(7) Concurrent Mark Cycle
[2023-07-03T08:28:15.340+0800][32.370s] GC(6) User=0.02s Sys=0.00s Real=0.01s
[2023-07-03T08:28:15.340+0800][32.370s] GC(7) Concurrent Scan Root Regions
[2023-07-03T08:28:15.341+0800][32.372s] GC(7) Concurrent Scan Root Regions 1.862ms
[2023-07-03T08:28:15.341+0800][32.372s] GC(7) Concurrent Mark
[2023-07-03T08:28:15.341+0800][32.372s] GC(7) Concurrent Mark From Roots
[2023-07-03T08:28:15.341+0800][32.372s] GC(7) Using 2 workers of 2 for marking
[2023-07-03T08:28:15.347+0800][32.377s] GC(7) Concurrent Mark From Roots 5.065ms
[2023-07-03T08:28:15.347+0800][32.377s] GC(7) Concurrent Preclean
[2023-07-03T08:28:15.347+0800][32.377s] GC(7) Concurrent Preclean 0.028ms
[2023-07-03T08:28:15.347+0800][32.377s] GC(7) Pause Remark
[2023-07-03T08:28:15.348+0800][32.378s] GC(7) Pause Remark 38M->38M(512M) 1.291ms
[2023-07-03T08:28:15.348+0800][32.378s] GC(7) User=0.00s Sys=0.00s Real=0.00s
[2023-07-03T08:28:15.348+0800][32.378s] GC(7) Concurrent Mark 6.534ms
[2023-07-03T08:28:15.348+0800][32.378s] GC(7) Concurrent Rebuild Remembered Sets and Scrub Regions
[2023-07-03T08:28:15.351+0800][32.381s] GC(7) Concurrent Rebuild Remembered Sets and Scrub Regions 2.857ms
[2023-07-03T08:28:15.351+0800][32.381s] GC(7) Pause Cleanup
[2023-07-03T08:28:15.351+0800][32.382s] GC(7) Pause Cleanup 39M->39M(512M) 0.063ms
[2023-07-03T08:28:15.351+0800][32.382s] GC(7) User=0.00s Sys=0.00s Real=0.00s
[2023-07-03T08:28:15.351+0800][32.382s] GC(7) Concurrent Clear Claimed Marks
[2023-07-03T08:28:15.351+0800][32.382s] GC(7) Concurrent Clear Claimed Marks 0.008ms
[2023-07-03T08:28:15.351+0800][32.382s] GC(7) Concurrent Cleanup for Next Mark
[2023-07-03T08:28:15.351+0800][32.382s] GC(7) Concurrent Cleanup for Next Mark 0.394ms
[2023-07-03T08:28:15.352+0800][32.382s] GC(7) Concurrent Mark Cycle 11.961ms
[2023-07-03T09:11:17.152+0800][2614.185s] Heap
[2023-07-03T09:11:17.152+0800][2614.185s]  garbage-first heap   total 524288K, used 293206K [0x00000007e0000000, 0x0000000800000000)
[2023-07-03T09:11:17.152+0800][2614.185s]   region size 1024K, 261 young (267264K), 13 survivors (13312K)
[2023-07-03T09:11:17.152+0800][2614.185s]  Metaspace       used 57634K, committed 58112K, reserved 1114112K
[2023-07-03T09:11:17.152+0800][2614.185s]   class space    used 6552K, committed 6784K, reserved 1048576K
